<component name="libraryTable">
  <library name="junit.platform.suite.api" type="repository">
    <properties maven-id="org.junit.platform:junit-platform-suite-api:6.0.0" />
    <CLASSES>
      <root url="jar://$PROJECT_DIR$/lib/junit-platform-suite-api-6.0.0.jar!/" />
      <root url="jar://$PROJECT_DIR$/lib/junit-platform-commons-6.0.0.jar!/" />
      <root url="jar://$PROJECT_DIR$/lib/apiguardian-api-1.1.2.jar!/" />
      <root url="jar://$PROJECT_DIR$/lib/jspecify-1.0.0.jar!/" />
    </CLASSES>
    <JAVADOC />
    <SOURCES />
  </library>
</component>